<?xml version="1.0" encoding="UTF-8"?>
<testsuite xmlns:xsi="http://www.w3.org/2001/XMLSchema-instance" xsi:noNamespaceSchemaLocation="https://maven.apache.org/surefire/maven-surefire-plugin/xsd/surefire-test-report.xsd" name="br.com.javadeveloper.AppTest" time="0.047" tests="1" errors="0" skipped="0" failures="0">
  <properties>
    <property name="java.specification.version" value="21"/>
    <property name="sun.cpu.isalist" value="amd64"/>
    <property name="sun.jnu.encoding" value="Cp1252"/>
    <property name="java.class.path" value="c:\Users\joaof\OneDrive\Repositorios\DIO\Java\contabancaria\target\test-classes;c:\Users\joaof\OneDrive\Repositorios\DIO\Java\contabancaria\target\classes;C:\Users\joaof\.m2\repository\junit\junit\4.11\junit-4.11.jar;C:\Users\joaof\.m2\repository\org\hamcrest\hamcrest-core\1.3\hamcrest-core-1.3.jar;"/>
    <property name="java.vm.vendor" value="Oracle Corporation"/>
    <property name="sun.arch.data.model" value="64"/>
    <property name="user.variant" value=""/>
    <property name="java.vendor.url" value="https://java.oracle.com/"/>
    <property name="user.timezone" value="America/Sao_Paulo"/>
    <property name="os.name" value="Windows 11"/>
    <property name="java.vm.specification.version" value="21"/>
    <property name="sun.java.launcher" value="SUN_STANDARD"/>
    <property name="user.country" value="BR"/>
    <property name="sun.boot.library.path" value="C:\Program Files\Java\jdk-21\bin"/>
    <property name="sun.java.command" value="C:\Users\joaof\AppData\Local\Temp\surefire957172209030309269\surefirebooter3818039388264993064.jar C:\Users\joaof\AppData\Local\Temp\surefire957172209030309269 2025-07-01T21-50-44_041-jvmRun1 surefire8897552888686890159tmp surefire_03487344788916725123tmp"/>
    <property name="jdk.debug" value="release"/>
    <property name="surefire.test.class.path" value="c:\Users\joaof\OneDrive\Repositorios\DIO\Java\contabancaria\target\test-classes;c:\Users\joaof\OneDrive\Repositorios\DIO\Java\contabancaria\target\classes;C:\Users\joaof\.m2\repository\junit\junit\4.11\junit-4.11.jar;C:\Users\joaof\.m2\repository\org\hamcrest\hamcrest-core\1.3\hamcrest-core-1.3.jar;"/>
    <property name="sun.cpu.endian" value="little"/>
    <property name="user.home" value="C:\Users\joaof"/>
    <property name="user.language" value="pt"/>
    <property name="java.specification.vendor" value="Oracle Corporation"/>
    <property name="java.version.date" value="2024-07-16"/>
    <property name="java.home" value="C:\Program Files\Java\jdk-21"/>
    <property name="file.separator" value="\"/>
    <property name="basedir" value="c:\Users\joaof\OneDrive\Repositorios\DIO\Java\contabancaria"/>
    <property name="java.vm.compressedOopsMode" value="Zero based"/>
    <property name="line.separator" value="&#10;"/>
    <property name="java.vm.specification.vendor" value="Oracle Corporation"/>
    <property name="java.specification.name" value="Java Platform API Specification"/>
    <property name="surefire.real.class.path" value="C:\Users\joaof\AppData\Local\Temp\surefire957172209030309269\surefirebooter3818039388264993064.jar"/>
    <property name="user.script" value=""/>
    <property name="sun.management.compiler" value="HotSpot 64-Bit Tiered Compilers"/>
    <property name="java.runtime.version" value="21.0.4+8-LTS-274"/>
    <property name="user.name" value="joaof"/>
    <property name="stdout.encoding" value="Cp1252"/>
    <property name="path.separator" value=";"/>
    <property name="os.version" value="10.0"/>
    <property name="java.runtime.name" value="Java(TM) SE Runtime Environment"/>
    <property name="file.encoding" value="UTF-8"/>
    <property name="java.vm.name" value="Java HotSpot(TM) 64-Bit Server VM"/>
    <property name="localRepository" value="C:\Users\joaof\.m2\repository"/>
    <property name="java.vendor.url.bug" value="https://bugreport.java.com/bugreport/"/>
    <property name="java.io.tmpdir" value="C:\Users\joaof\AppData\Local\Temp\"/>
    <property name="java.version" value="21.0.4"/>
    <property name="user.dir" value="c:\Users\joaof\OneDrive\Repositorios\DIO\Java\contabancaria"/>
    <property name="os.arch" value="amd64"/>
    <property name="java.vm.specification.name" value="Java Virtual Machine Specification"/>
    <property name="sun.os.patch.level" value=""/>
    <property name="native.encoding" value="Cp1252"/>
    <property name="java.library.path" value="C:\Program Files\Java\jdk-21\bin;C:\WINDOWS\Sun\Java\bin;C:\WINDOWS\system32;C:\WINDOWS;C:\Program Files\WindowsApps\Microsoft.PowerShell_7.5.2.0_x64__8wekyb3d8bbwe;c:\windows\system32;c:\windows;c:\windows\system32\wbem;c:\windows\system32\windowspowershell\v1.0\;c:\windows\system32\openssh\;c:\program files\git\cmd;c:\program files\m2\apache-maven-3.9.9\bin;c:\program files\docker\docker\resources\bin;c:\program files\putty\;c:\programdata\chocolatey\bin;c:\program files\dotnet\;c:\users\joaof\appdata\local\nvm;c:\nvm4w\nodejs;C:\Program Files\NVIDIA Corporation\NVIDIA app\NvDLISR;C:\Users\joaof\AppData\Local\Programs\Python\Python313\Scripts\;C:\Users\joaof\AppData\Local\Programs\Python\Python313\;C:\Users\joaof\AppData\Local\Programs\Python\Python312\Scripts\;C:\Users\joaof\AppData\Local\Programs\Python\Python312\;C:\Users\joaof\AppData\Local\Microsoft\WindowsApps;C:\Users\joaof\AppData\Local\Programs\Microsoft VS Code\bin;C:\Program Files\Java\jdk-21\bin;C:\Users\joaof\AppData\Local\GitHubDesktop\bin;C:\Users\joaof\AppData\Local\nvm;C:\nvm4w\nodejs;;."/>
    <property name="java.vm.info" value="mixed mode, sharing"/>
    <property name="stderr.encoding" value="Cp1252"/>
    <property name="java.vendor" value="Oracle Corporation"/>
    <property name="java.vm.version" value="21.0.4+8-LTS-274"/>
    <property name="sun.io.unicode.encoding" value="UnicodeLittle"/>
    <property name="java.class.version" value="65.0"/>
  </properties>
  <testcase name="shouldAnswerWithTrue" classname="br.com.javadeveloper.AppTest" time="0.004"/>
</testsuite>